c:\users\forty\source\repos\battlecity\battlecity\x64\debug\vc143.pdb
c:\users\forty\source\repos\battlecity\battlecity\x64\debug\vc143.idb
c:\users\forty\source\repos\battlecity\battlecity\x64\debug\scenestack.obj
c:\users\forty\source\repos\battlecity\battlecity\x64\debug\scene.obj
c:\users\forty\source\repos\battlecity\battlecity\x64\debug\player.obj
c:\users\forty\source\repos\battlecity\battlecity\x64\debug\menu.obj
c:\users\forty\source\repos\battlecity\battlecity\x64\debug\main.obj
c:\users\forty\source\repos\battlecity\battlecity\x64\debug\enemy.obj
c:\users\forty\source\repos\battlecity\battlecity\x64\debug\bullet.obj
c:\users\forty\source\repos\battlecity\battlecity\x64\debug\application.obj
c:\users\forty\source\repos\battlecity\battlecity\x64\debug\animation.obj
c:\users\forty\source\repos\battlecity\battlecity\x64\debug\actor.obj
c:\users\forty\source\repos\battlecity\battlecity\x64\debug\level1.obj
c:\users\forty\source\repos\battlecity\x64\debug\battlecity.exe
c:\users\forty\source\repos\battlecity\battlecity\x64\debug\battlecity.ilk
c:\users\forty\source\repos\battlecity\x64\debug\battlecity.pdb
c:\users\forty\source\repos\battlecity\battlecity\x64\debug\battlecity.tlog\cl.command.1.tlog
c:\users\forty\source\repos\battlecity\battlecity\x64\debug\battlecity.tlog\cl.items.tlog
c:\users\forty\source\repos\battlecity\battlecity\x64\debug\battlecity.tlog\cl.read.1.tlog
c:\users\forty\source\repos\battlecity\battlecity\x64\debug\battlecity.tlog\cl.write.1.tlog
c:\users\forty\source\repos\battlecity\battlecity\x64\debug\battlecity.tlog\link.command.1.tlog
c:\users\forty\source\repos\battlecity\battlecity\x64\debug\battlecity.tlog\link.read.1.tlog
c:\users\forty\source\repos\battlecity\battlecity\x64\debug\battlecity.tlog\link.write.1.tlog
